* using log directory ‘/home/p230198/GitHubs/travis_qmake_gcc_cpp98_rcpp/..Rcheck’
* using R version 3.2.4 (2016-03-10)
* using platform: x86_64-pc-linux-gnu (64-bit)
* using session charset: UTF-8
* checking for file ‘./DESCRIPTION’ ... OK
* checking extension type ... Package
* this is package ‘domagic’ version ‘1.0’
* checking package namespace information ... OK
* checking package dependencies ... OK
* checking if this is a source package ... WARNING
Subdirectory ‘domagic/src’ contains apparent object files/libraries
  /home/p230198/GitHubs/travis_qmake_gcc_cpp98_rcpp/src/RcppExports.o
  /home/p230198/GitHubs/travis_qmake_gcc_cpp98_rcpp/src/do_magic_cpp.o
  /home/p230198/GitHubs/travis_qmake_gcc_cpp98_rcpp/src/domagic.so
Object files/libraries should not be included in a source package.

In addition to the above warning(s), found the following notes:

Found the following apparent object files/libraries:
  domagic.Rcheck/00_pkg_src/domagic/src/do_magic_cpp.o
  domagic.Rcheck/00_pkg_src/domagic/src/domagic.so
  domagic.Rcheck/domagic/libs/domagic.so
Object files/libraries should not be included in a source package.

Subdirectory ‘domagic.Rcheck/domagic’ seems to contain an installed version of the package.
* checking if there is a namespace ... OK
* checking for executable files ... WARNING
Found the following executable files:
  .git/objects/01/3197c3f444781f159b344ea98950b974011076
  .git/objects/03/62581558e1ecbc80390ef74c24463f22dfc357
  .git/objects/09/dbfe6d69fd9ab2b155250bdffb3c69ed75eef2
  .git/objects/0b/a29d0dde1bfa5dd3e9342ae7b25430535dadb5
  .git/objects/0b/bd959d243462cd317374fac6d3d3ebbb926ac5
  .git/objects/0d/0c7d1763a761c9aebd91b48cb224f1a2f0f951
  .git/objects/0d/f02185f913b774efbf4d51230a2e7ce25cf6be
  .git/objects/11/2ad268d01222166777d5b091a447d26f268765
  .git/objects/12/123119204208acb7a4f6f6184416ad6bc4d2f7
  .git/objects/12/1a34a8dfe6109633635c224e6135f4b2404425
  .git/objects/12/382e09121bb73c44e063ec3ba3e3326eef4ca1
  .git/objects/14/6ea78703325047bb89d2e2a2172878d11f2443
  .git/objects/14/dbe15263931a6513ddbe9ad4e0697e0be44c91
  .git/objects/15/ef97c00845b4db2045b611975eb8913cf67125
  .git/objects/16/d5a844ffdbfada5e817aef6ed0a15e1ce88c2b
  .git/objects/18/8c4ed04abda1c4666251261c1a106378fd12bc
  .git/objects/1d/07641a3688f57adf27c4ff1bd3c08a5ec058a2
  .git/objects/1e/279edc8b531cadf7529d710929ee2f9bf7a391
  .git/objects/1e/ddb7796d667aa05570e2816f52c563fc889307
  .git/objects/22/034c461fce9171ea1d649f15429426e0eb8d10
  .git/objects/23/7301ec64c3ff4dce455f10aec17ade0110d7c3
  .git/objects/23/faec6f10d823468e41dcb0c0b50cd3ec00182e
  .git/objects/28/5424b00332f90491c5a1bc18486006c750fd32
  .git/objects/29/8e859b0d1cad0647114833507874b3d223911f
  .git/objects/29/ad72d6fa9f62f9f7947df92207835c9ed32c15
  .git/objects/29/ce8a78c3f42a4319468e983248a22396812fb3
  .git/objects/2f/fdd54e747abd9c771a65f5ba020859097726e2
  .git/objects/30/dee9bdea271e696e9a4fc92fe211bc67c91a0e
  .git/objects/31/021ae86cea68ac0afe382086e7b53c2bc24813
  .git/objects/39/df4705cd6ca7dd697762302143a7a6589ed79f
  .git/objects/3a/ed03efe4663e12691bce2a16301ce4896e28fb
  .git/objects/3b/6f00b2b0120a28f2a3dce5cb1176d3faa16a77
  .git/objects/3c/2b7a81010ef7279008c8082ab75a1621b0f72c
  .git/objects/3e/bba50ed012b74f7d092d2e6b7a4ec0d4d3e79f
  .git/objects/40/335f216c7392beaf670af218f4414f4f534d16
  .git/objects/41/01e150fa269d961580c10f2bfb397defed1348
  .git/objects/44/4525e8aa6823c49c07bb5cb7bd1f6294ee5a04
  .git/objects/47/54610efc77ddc03e364ba5a059aef2e61db0fb
  .git/objects/48/7696d699064d700f4b3345844fc45d036473c2
  .git/objects/4a/93651659dc3066d196c1ef5689804b782fbcd5
  .git/objects/4b/50cad48cc1e2816058ba252343a03173714573
  .git/objects/4c/d5ad5a4b956f28569004588c0c8d1be290d568
  .git/objects/4e/2eb59ab859056e6597e54cf36e79128f0a90ff
  .git/objects/50/2c859f85d97afd4f8897daec7501e97f5ad2d8
  .git/objects/52/1df2df5ed4e2c1cc1f1237812527ca14431bb3
  .git/objects/55/28aea2ba53c044f500e2c6c10b5679ec78cffc
  .git/objects/58/48af4c73406a1308a84eab70547a0b5d8cdffc
  .git/objects/59/2240c5ed61c899fdd48b701ca4db3c1eeefe19
  .git/objects/5a/2079465e7e72bca4432df2ce2f733e9a3ba07f
  .git/objects/5b/08fbe314a8f5dacfa61349bbd3cf72c57372b5
  .git/objects/5b/5e33b5ac36748c692535abb2eefb5590418069
  .git/objects/5c/6b3311de0a9befc9177ebcb677f8311fc455c0
  .git/objects/5d/331f1ba182c500977a9cb4b3bff548753fdc30
  .git/objects/5e/8d54673091873f7242ca12117de3495fdf46b4
  .git/objects/62/bf585ee5db2c7b8a1e8c00599edd54aa9a530e
  .git/objects/67/b9974df7cfa8830b318e171be3f06cc3c3f862
  .git/objects/6b/010f9c3b81883b58696c4a34c5429e0b02e5d5
  .git/objects/6b/69b80f6c1cca5fd2cc57b2e26c822a2509d030
  .git/objects/6c/8c2c5d6b51be16006cb6f0317842c1c2ecfff7
  .git/objects/6d/011adb20d499d1564db75e60e331d4cc0d5dae
  .git/objects/6d/78f63fefd002c936b674d04a39db31a6f911f3
  .git/objects/6f/528299f90c385dd9b32170b43150de35a68381
  .git/objects/6f/ce7424a43269aaaf5399d85a82360d35d31b15
  .git/objects/70/13f96e9eb3f81dbca8c1f41707880b9a93fa59
  .git/objects/71/7f522c3f508933dd257276ebc0911080c72e95
  .git/objects/73/5b698a9432393cb9121bb0257b7f0d4e0d3b32
  .git/objects/74/5e0e0b4040789f3e376ea0bed342f84fedeae5
  .git/objects/74/896d492bf35271b50b833376d5475f8c819a49
  .git/objects/79/742d54f7228edfc137a0613f8cd9869e3a8133
  .git/objects/79/d65c515a56e401537f4526b7367aac512f2160
  .git/objects/7a/73a41bfdf76d6f793007240d80983a52f15f97
  .git/objects/7b/d1de222bbeb1da3a543e9010768731fd8c2010
  .git/objects/7e/ac4b137acaadbd8976206c58dd5e55ed11d76d
  .git/objects/7f/9c495f98e7a461a2cb251bec029997cad2cfa7
  .git/objects/7f/ce2d97d696478b365d6e82e0a107bf18c74309
  .git/objects/83/12bf203b0dca937182f3e718ceb69b438257d6
  .git/objects/85/8bedc80dd9723852f255d7db4b793f0d0aef7d
  .git/objects/86/801fee0e861fe197064f9cf623f9b8ca637de4
  .git/objects/8a/f8088c512c4e0491a1834cc5874f7d5d8e8141
  .git/objects/8b/137891791fe96927ad78e64b0aad7bded08bdc
  .git/objects/8e/2c0081709c52298314f225dc5ed9ab0a7718ca
  .git/objects/8f/c238a68b75dc753a1be1c986debf554c78882a
  .git/objects/91/114bf2f2bba5e0c5252e75018da19b869776f1
  .git/objects/93/f1b7a709361dedc95cbda031c56f1d55d975dd
  .git/objects/96/35ae613a7c30263c6e9fe98ff21f3b9fd47208
  .git/objects/96/4398ecdb87f537fea2aa8112853dd254edf22c
  .git/objects/96/b8a492699de4f67a453f01d6350f103b664082
  .git/objects/9a/f5b0c73ca3f807f883f2a0afab4b1dbd9c1fd0
  .git/objects/9c/ecc1d4669ee8af2ca727a5d8cde10cd8b2d7cc
  .git/objects/9e/fb51b8a1909bd877dd72ae8a1c4625f8307e36
  .git/objects/a0/68a0fae0167fadac39d05942fdb61e8ef38798
  .git/objects/a0/85e73363dd1d50eb93a1e71630e3fc949947fd
  .git/objects/a0/d07790a7f9c1627c6391a3293bb7807b92f84c
  .git/objects/a3/5b9aa717799bfdaefa6f2a6df9fa6672a24f62
  .git/objects/a6/1e38ec07b64054a322ce85391e6ec386da5acf
  .git/objects/aa/a7dd98d88e099847734f55ad96a50c96ee2e8b
  .git/objects/ac/64e51c12c49268e7b05b713937aa8aae383d17
  .git/objects/ae/52a9dc00c6f8421a31e142f208b6a6f03f73df
  .git/objects/b0/1b7172847b5a73a044d6b5c72ddb469f8cbf9d
  .git/objects/b4/70f2d5f53a9219c6b5c2fb94de414508981ad7
  .git/objects/b5/67166d4d8af05b2b147c91fea6f83c6153072e
  .git/objects/b8/bd0267bdf1a5e02793430b53cbbebd6c257f6f
  .git/objects/b9/24531208edea1e01cf4de1f0ce8c9d6ef3993f
  .git/objects/ba/e6258bdcf876b9cbdeb7e071d8715c625445de
  .git/objects/bb/44e9e9132503ccc05bec5c17d3c6700b9101e2
  .git/objects/bf/dac821ee73f3ba7c20f3fe6606c8acb55bcf52
  .git/objects/c0/66a3907d58b565b4adcb4639e8ddea31ac7c4b
  .git/objects/c0/db5489869742b704ec39d7e36846195f5adc59
  .git/objects/c3/348d2852d368aeb5f4d3fbd84e448d117d2069
  .git/objects/c7/3b6494226681407558e5cf19b4818b0b60cc3f
  .git/objects/c8/5fe0f3b75674a895f2b8895a45c4effda84131
  .git/objects/c9/0a7577ee681c3a174d89cacfd546f4f693d67e
  .git/objects/c9/4ac55008b68256a89cb68a198dabfc16b2be84
  .git/objects/c9/ec8f417e84328f95a4bc965423f9c66ff7c800
  .git/objects/ce/bc94842969c2b1e3b0974d6dcbfd8634d9c24e
  .git/objects/cf/732798b4e56a9ad5b757e6ba6a1735e9a9b089
  .git/objects/d0/da73a5bc05dcb329c4b00bd02fcb40734bbe22
  .git/objects/d3/77482a6d5aa0b90973ecd55e3cc87410091b44
  .git/objects/d5/b8b439dc45eb642fdd2ec9b25cb5bee38ae914
  .git/objects/d5/c16bd2629ae7843c8bc21aa955208f2a1b7092
  .git/objects/da/954a9a179e272e7a78361f0ae797855a1b96c5
  .git/objects/dc/92c43e955dbb3ec4d7e93ff55f58af24671558
  .git/objects/e1/fc8248d32135e2171356bbad1cb2393e98f5dc
  .git/objects/e4/26a3684846ff4004ad6762e3df3d920ae92ae3
  .git/objects/e7/a1b2180ff71f48be43945295e6924709ccb524
  .git/objects/e8/b511a74b815798fcf4b43857dc377c2cbf1d5b
  .git/objects/e9/8a404cb0d94a48de7b86c16a60fdc707792322
  .git/objects/ec/77dd0a5f6a1a4cc45881655511e783b954c573
  .git/objects/ef/80c1376b92649ecf210642edcac84abe1c8cf7
  .git/objects/ef/ba6d92a126281fe2a80c456337aa6bc2ba9def
  .git/objects/ef/f6f0025d2f3eaca44b16bb4207c815523e23b4
  .git/objects/f1/ad4b1d3df3e4cd8a2a97147acab69be6f982b8
  .git/objects/f2/56869a782b7d241d436a9da4af598c2737f4e8
  .git/objects/f4/894105a27c2bc6c18aac20776d2bf44296f262
  .git/objects/f5/9afb3be7cf7d31e30aaa95cbd58679104f66eb
  .git/objects/f7/0db66cd1af6491fe6f7e98599234d67de35ab3
  .git/objects/f7/92c843431ee9e2182ee32fc47546ab57b0a7fc
  .git/objects/f8/6ec642ffd9cdb1e90060c65a6f56cdc070aef7
  .git/objects/f9/696019c248e7916bc9f993d2086f4b2a6cd58d
Source packages should not contain undeclared executable files.
See section ‘Package structure’ in the ‘Writing R Extensions’ manual.
* checking for hidden files and directories ... NOTE
Found the following hidden files and directories:
  .Rhistory
  .gitignore
  .travis.yml
  .travis_cpp.yml
  .travis_r.yml
  src/.gitignore
  ..Rcheck
  .Rproj.user
  .git
These were most likely included in error. See section ‘Package
structure’ in the ‘Writing R Extensions’ manual.
* checking for portable file names ... OK
* checking for sufficient/correct file permissions ... OK
* checking whether package ‘domagic’ can be installed ... OK
* checking installed package size ... OK
* checking package directory ... OK
* checking DESCRIPTION meta-information ... OK
* checking top-level files ... OK
* checking for left-over files ... OK
* checking index information ... OK
* checking package subdirectories ... WARNING
Found the following directories with names of check directories:
  ./..Rcheck
  ./domagic.Rcheck
Most likely, these were included erroneously.
* checking R files for non-ASCII characters ... OK
* checking R files for syntax errors ... OK
* checking whether the package can be loaded ... OK
* checking whether the package can be loaded with stated dependencies ... OK
* checking whether the package can be unloaded cleanly ... OK
* checking whether the namespace can be loaded with stated dependencies ... OK
* checking whether the namespace can be unloaded cleanly ... OK
* checking loading without being on the library search path ... OK
* checking dependencies in R code ... OK
* checking S3 generic/method consistency ... OK
* checking replacement functions ... OK
* checking foreign function calls ... OK
* checking R code for possible problems ... OK
* checking Rd files ... OK
* checking Rd metadata ... OK
* checking Rd cross-references ... OK
* checking for missing documentation entries ... OK
* checking for code/documentation mismatches ... OK
* checking Rd \usage sections ... OK
* checking Rd contents ... OK
* checking for unstated dependencies in examples ... OK
* checking line endings in C/C++/Fortran sources/headers ... OK
* checking compiled code ... OK
* checking files in ‘vignettes’ ... OK
* checking examples ... NONE
* checking for unstated dependencies in ‘tests’ ... OK
* checking tests ... OK
  Running ‘testthat.R’
* checking for unstated dependencies in vignettes ... OK
* checking package vignettes in ‘inst/doc’ ... WARNING
Package vignette without corresponding PDF/HTML:
   ‘demo_do_magic_r.Rmd’

* checking running R code from vignettes ... OK
* checking re-building of vignette outputs ...